Using pre-set license
Built from '2021.3/staging' branch; Version is '2021.3.3f1 (af2e63e8f9bd) revision 11480675'; Using compiler version '192829333'; Build Type 'Release'
OS: 'Windows 10  (10.0.19044) 64bit Core' Language: 'en' Physical Memory: 32607 MB
BatchMode: 1, IsHumanControllingUs: 0, StartBugReporterOnCrash: 0, Is64bit: 1, IsPro: 1

COMMAND LINE ARGUMENTS:
C:\Program Files\UnityEditors\2021.3.3f1\Editor\Unity.exe
-adb2
-batchMode
-noUpm
-name
AssetImportWorker2
-projectPath
E:/HorrorGamePrototype/GroupHorror Cats
-logFile
Logs/AssetImportWorker2.log
-srvPort
55493
Successfully changed project path to: E:/HorrorGamePrototype/GroupHorror Cats
E:/HorrorGamePrototype/GroupHorror Cats
[UnityMemory] Configuration Parameters - Can be set up in boot.config
    "memorysetup-bucket-allocator-granularity=16"
    "memorysetup-bucket-allocator-bucket-count=8"
    "memorysetup-bucket-allocator-block-size=33554432"
    "memorysetup-bucket-allocator-block-count=8"
    "memorysetup-main-allocator-block-size=16777216"
    "memorysetup-thread-allocator-block-size=16777216"
    "memorysetup-gfx-main-allocator-block-size=16777216"
    "memorysetup-gfx-thread-allocator-block-size=16777216"
    "memorysetup-cache-allocator-block-size=4194304"
    "memorysetup-typetree-allocator-block-size=2097152"
    "memorysetup-profiler-bucket-allocator-granularity=16"
    "memorysetup-profiler-bucket-allocator-bucket-count=8"
    "memorysetup-profiler-bucket-allocator-block-size=33554432"
    "memorysetup-profiler-bucket-allocator-block-count=8"
    "memorysetup-profiler-allocator-block-size=16777216"
    "memorysetup-profiler-editor-allocator-block-size=1048576"
    "memorysetup-temp-allocator-size-main=16777216"
    "memorysetup-job-temp-allocator-block-size=2097152"
    "memorysetup-job-temp-allocator-block-size-background=1048576"
    "memorysetup-job-temp-allocator-reduction-small-platforms=262144"
    "memorysetup-temp-allocator-size-background-worker=32768"
    "memorysetup-temp-allocator-size-job-worker=262144"
    "memorysetup-temp-allocator-size-preload-manager=33554432"
    "memorysetup-temp-allocator-size-nav-mesh-worker=65536"
    "memorysetup-temp-allocator-size-audio-worker=65536"
    "memorysetup-temp-allocator-size-cloud-worker=32768"
    "memorysetup-temp-allocator-size-gi-baking-worker=262144"
    "memorysetup-temp-allocator-size-gfx=262144"
Refreshing native plugins compatible for Editor in 83.81 ms, found 3 plugins.
Preloading 0 native plugins for Editor in 0.00 ms.
Initialize engine version: 2021.3.3f1 (af2e63e8f9bd)
[Subsystems] Discovering subsystems at path C:/Program Files/UnityEditors/2021.3.3f1/Editor/Data/Resources/UnitySubsystems
[Subsystems] Discovering subsystems at path E:/HorrorGamePrototype/GroupHorror Cats/Assets
GfxDevice: creating device client; threaded=0; jobified=0
Direct3D:
    Version:  Direct3D 11.0 [level 11.1]
    Renderer: NVIDIA GeForce RTX 2080 Ti (ID=0x1e07)
    Vendor:   NVIDIA
    VRAM:     11049 MB
    Driver:   27.21.14.5671
Initialize mono
Mono path[0] = 'C:/Program Files/UnityEditors/2021.3.3f1/Editor/Data/Managed'
Mono path[1] = 'C:/Program Files/UnityEditors/2021.3.3f1/Editor/Data/MonoBleedingEdge/lib/mono/unityjit-win32'
Mono config path = 'C:/Program Files/UnityEditors/2021.3.3f1/Editor/Data/MonoBleedingEdge/etc'
Using monoOptions --debugger-agent=transport=dt_socket,embedding=1,server=y,suspend=n,address=127.0.0.1:56028
Begin MonoManager ReloadAssembly
Registering precompiled unity dll's ...
Register platform support module: C:/Program Files/UnityEditors/2021.3.3f1/Editor/Data/PlaybackEngines/AndroidPlayer/UnityEditor.Android.Extensions.dll
Register platform support module: C:/Program Files/UnityEditors/2021.3.3f1/Editor/Data/PlaybackEngines/WindowsStandaloneSupport/UnityEditor.WindowsStandalone.Extensions.dll
Registered in 0.008615 seconds.
Native extension for WindowsStandalone target not found
Native extension for Android target not found
Refreshing native plugins compatible for Editor in 79.56 ms, found 3 plugins.
Preloading 0 native plugins for Editor in 0.00 ms.
Mono: successfully reloaded assembly
- Completed reload, in  0.728 seconds
Domain Reload Profiling:
	ReloadAssembly (729ms)
		BeginReloadAssembly (81ms)
			ExecutionOrderSort (0ms)
			DisableScriptedObjects (0ms)
			BackupInstance (0ms)
			ReleaseScriptingObjects (0ms)
			CreateAndSetChildDomain (1ms)
		EndReloadAssembly (522ms)
			LoadAssemblies (77ms)
			RebuildTransferFunctionScriptingTraits (0ms)
			SetupTypeCache (122ms)
			ReleaseScriptCaches (0ms)
			RebuildScriptCaches (30ms)
			SetupLoadedEditorAssemblies (313ms)
				LogAssemblyErrors (0ms)
				InitializePlatformSupportModulesInManaged (66ms)
				SetLoadedEditorAssemblies (0ms)
				RefreshPlugins (80ms)
				BeforeProcessingInitializeOnLoad (2ms)
				ProcessInitializeOnLoadAttributes (111ms)
				ProcessInitializeOnLoadMethodAttributes (52ms)
				AfterProcessingInitializeOnLoad (0ms)
				EditorAssembliesLoaded (0ms)
			ExecutionOrderSort2 (0ms)
			AwakeInstancesAfterBackupRestoration (0ms)
Platform modules already initialized, skipping
Registering precompiled user dll's ...
Registered in 0.004264 seconds.
Begin MonoManager ReloadAssembly
Symbol file LoadedFromMemory doesn't match image E:\HorrorGamePrototype\GroupHorror Cats\Library\PackageCache\com.unity.visualscripting@1.7.6\Editor\VisualScripting.Core\Dependencies\YamlDotNet\Unity.VisualScripting.YamlDotNet.dll
Symbol file LoadedFromMemory doesn't match image E:\HorrorGamePrototype\GroupHorror Cats\Library\PackageCache\com.unity.visualscripting@1.7.6\Editor\VisualScripting.Core\Dependencies\DotNetZip\Unity.VisualScripting.IonicZip.dll
Native extension for WindowsStandalone target not found
Native extension for Android target not found
Refreshing native plugins compatible for Editor in 0.55 ms, found 3 plugins.
Preloading 0 native plugins for Editor in 0.00 ms.
Mono: successfully reloaded assembly
- Completed reload, in  1.306 seconds
Domain Reload Profiling:
	ReloadAssembly (1307ms)
		BeginReloadAssembly (273ms)
			ExecutionOrderSort (0ms)
			DisableScriptedObjects (10ms)
			BackupInstance (0ms)
			ReleaseScriptingObjects (0ms)
			CreateAndSetChildDomain (163ms)
		EndReloadAssembly (907ms)
			LoadAssemblies (80ms)
			RebuildTransferFunctionScriptingTraits (0ms)
			SetupTypeCache (304ms)
			ReleaseScriptCaches (1ms)
			RebuildScriptCaches (52ms)
			SetupLoadedEditorAssemblies (412ms)
				LogAssemblyErrors (0ms)
				InitializePlatformSupportModulesInManaged (17ms)
				SetLoadedEditorAssemblies (0ms)
				RefreshPlugins (1ms)
				BeforeProcessingInitializeOnLoad (93ms)
				ProcessInitializeOnLoadAttributes (261ms)
				ProcessInitializeOnLoadMethodAttributes (29ms)
				AfterProcessingInitializeOnLoad (11ms)
				EditorAssembliesLoaded (0ms)
			ExecutionOrderSort2 (0ms)
			AwakeInstancesAfterBackupRestoration (10ms)
Platform modules already initialized, skipping
========================================================================
Worker process is ready to serve import requests
Launched and connected shader compiler UnityShaderCompiler.exe after 0.11 seconds
Refreshing native plugins compatible for Editor in 0.54 ms, found 3 plugins.
Preloading 0 native plugins for Editor in 0.00 ms.
Unloading 3390 Unused Serialized files (Serialized files now loaded: 0)
Unloading 24 unused Assets / (55.7 KB). Loaded Objects now: 3851.
Memory consumption went from 118.3 MB to 118.2 MB.
Total: 3.430800 ms (FindLiveObjects: 0.297500 ms CreateObjectMapping: 0.223200 ms MarkObjects: 2.839900 ms  DeleteObjects: 0.069200 ms)

AssetImportParameters requested are different than current active one (requested -> active):
  custom:video-decoder-ogg-theora: a1e56fd34408186e4bbccfd4996cb3dc -> 
  custom:container-muxer-webm: aa71ff27fc2769a1b78a27578f13a17b -> 
  custom:container-demuxer-webm: 4f35f7cbe854078d1ac9338744f61a02 -> 
  custom:video-encoder-webm-vp8: eb34c28f22e8b96e1ab97ce403110664 -> 
  custom:audio-encoder-webm-vorbis: bf7c407c2cedff20999df2af8eb42d56 -> 
  custom:framework-win-MediaFoundation: 216162199b28c13a410421893ffa2e32 -> 
  custom:container-demuxer-ogg: 62fdf1f143b41e24485cea50d1cbac27 -> 
  custom:video-decoder-webm-vp8: 9c59270c3fd7afecdb556c50c9e8de78 -> 
  custom:audio-decoder-ogg-vorbis: bf7c407c2cedff20999df2af8eb42d56 -> 
========================================================================
Received Import Request.
  Time since last request: 112045.853821 seconds.
  path: Assets/Prefabs/Main Menu.prefab
  artifactKey: Guid(5d6c8bc5181732c4f834258e7d2210d3) Importer(815301076,1909f56bfc062723c751e8b465ee728b)
Start importing Assets/Prefabs/Main Menu.prefab using Guid(5d6c8bc5181732c4f834258e7d2210d3) Importer(815301076,1909f56bfc062723c751e8b465ee728b)  -> (artifact id: '14af94859475cb33b22e04f4f708f95e') in 0.110172 seconds 
========================================================================
Received Import Request.
  Time since last request: 0.000021 seconds.
  path: Assets/Prefabs/Player.prefab
  artifactKey: Guid(601e51b6c3da2ac4c903f4afbe0a4bc0) Importer(815301076,1909f56bfc062723c751e8b465ee728b)
Start importing Assets/Prefabs/Player.prefab using Guid(601e51b6c3da2ac4c903f4afbe0a4bc0) Importer(815301076,1909f56bfc062723c751e8b465ee728b)  -> (artifact id: 'e13a2b57962664174a530ab50ee8b298') in 0.300852 seconds 
========================================================================
Received Import Request.
  Time since last request: 0.000025 seconds.
  path: Assets/Prefabs/Harpoon.prefab
  artifactKey: Guid(9365e2d9e4dd16842917f922d37f63d3) Importer(815301076,1909f56bfc062723c751e8b465ee728b)
Start importing Assets/Prefabs/Harpoon.prefab using Guid(9365e2d9e4dd16842917f922d37f63d3) Importer(815301076,1909f56bfc062723c751e8b465ee728b)  -> (artifact id: '91abe2dae7c1e369349853bce2b7b21b') in 0.233499 seconds 
========================================================================
Received Import Request.
  Time since last request: 278.498576 seconds.
  path: Assets/Prefabs
  artifactKey: Guid(e2346e87d085d7243b3a64767ddc9808) Importer(815301076,1909f56bfc062723c751e8b465ee728b)
Start importing Assets/Prefabs using Guid(e2346e87d085d7243b3a64767ddc9808) Importer(815301076,1909f56bfc062723c751e8b465ee728b)  -> (artifact id: '45786093ebb868ca18ae0d47bbadb993') in 0.007801 seconds 
========================================================================
Received Import Request.
  Time since last request: 1.168461 seconds.
  path: Assets/Models/Harpoon.fbx
  artifactKey: Guid(11a14df1f7056224490cc520d8b6a4a6) Importer(815301076,1909f56bfc062723c751e8b465ee728b)
Start importing Assets/Models/Harpoon.fbx using Guid(11a14df1f7056224490cc520d8b6a4a6) Importer(815301076,1909f56bfc062723c751e8b465ee728b)  -> (artifact id: '136f0a6f5ea5309f78f87805b7e3455c') in 0.193980 seconds 
========================================================================
Received Import Request.
  Time since last request: 0.000020 seconds.
  path: Assets/Models/Key.fbx
  artifactKey: Guid(b367b99903ed34144a1a28d8d6f49725) Importer(815301076,1909f56bfc062723c751e8b465ee728b)
Start importing Assets/Models/Key.fbx using Guid(b367b99903ed34144a1a28d8d6f49725) Importer(815301076,1909f56bfc062723c751e8b465ee728b)  -> (artifact id: 'b8a73cca81584dafa80610f6f625a555') in 0.095520 seconds 
========================================================================
Received Import Request.
  Time since last request: 0.000031 seconds.
  path: Assets/Models/Squid Man.fbx
  artifactKey: Guid(554e4c4aa733d3e4ab8316d6e169c835) Importer(815301076,1909f56bfc062723c751e8b465ee728b)
Start importing Assets/Models/Squid Man.fbx using Guid(554e4c4aa733d3e4ab8316d6e169c835) Importer(815301076,1909f56bfc062723c751e8b465ee728b)  -> (artifact id: '159e9576f4cc077d6800b23e9a3abab2') in 0.226765 seconds 
========================================================================
Received Import Request.
  Time since last request: 0.000024 seconds.
  path: Assets/Models
  artifactKey: Guid(d65fdb89aff5d2942bfac780b44ab240) Importer(815301076,1909f56bfc062723c751e8b465ee728b)
Start importing Assets/Models using Guid(d65fdb89aff5d2942bfac780b44ab240) Importer(815301076,1909f56bfc062723c751e8b465ee728b)  -> (artifact id: '1a3e267e34f77863e46dc20b7a5b435f') in 0.008583 seconds 
========================================================================
Received Import Request.
  Time since last request: 5.881854 seconds.
  path: Assets/Models/newmodels
  artifactKey: Guid(eab86ff4686ff6c4cb5e57e3c06a83fa) Importer(815301076,1909f56bfc062723c751e8b465ee728b)
Start importing Assets/Models/newmodels using Guid(eab86ff4686ff6c4cb5e57e3c06a83fa) Importer(815301076,1909f56bfc062723c751e8b465ee728b)  -> (artifact id: '61b0d4a56030ff9157a8d75e9a044b98') in 0.007298 seconds 
========================================================================
Received Import Request.
  Time since last request: 12.842343 seconds.
  path: Assets/Models/newmodels/Big Squid.fbx
  artifactKey: Guid(f046fda0b1bbec54cb697d962dc1be5a) Importer(815301076,1909f56bfc062723c751e8b465ee728b)
Start importing Assets/Models/newmodels/Big Squid.fbx using Guid(f046fda0b1bbec54cb697d962dc1be5a) Importer(815301076,1909f56bfc062723c751e8b465ee728b)  -> (artifact id: '0edc443166e9ae7d71c8116ee13cd019') in 0.319887 seconds 
========================================================================
Received Import Request.
  Time since last request: 22.174347 seconds.
  path: Assets/Models/newmodels/Squid Man.fbx
  artifactKey: Guid(1d110f06107e14b46ab18eb0f958181f) Importer(815301076,1909f56bfc062723c751e8b465ee728b)
Start importing Assets/Models/newmodels/Squid Man.fbx using Guid(1d110f06107e14b46ab18eb0f958181f) Importer(815301076,1909f56bfc062723c751e8b465ee728b)  -> (artifact id: 'bdc17a24d5e119cf9735c8e75ba60f9d') in 0.283891 seconds 
========================================================================
Received Import Request.
  Time since last request: 71.274248 seconds.
  path: Assets/Scenes/SampleScene.unity
  artifactKey: Guid(d1c3109bdb54ad54c8a2b2838528e640) Importer(815301076,1909f56bfc062723c751e8b465ee728b)
Start importing Assets/Scenes/SampleScene.unity using Guid(d1c3109bdb54ad54c8a2b2838528e640) Importer(815301076,1909f56bfc062723c751e8b465ee728b)  -> (artifact id: '71b1bda191ec3f820de95c3523acce68') in 0.019679 seconds 
========================================================================
Received Prepare
Registering precompiled user dll's ...
Registered in 0.004032 seconds.
Begin MonoManager ReloadAssembly
Symbol file LoadedFromMemory doesn't match image E:\HorrorGamePrototype\GroupHorror Cats\Library\PackageCache\com.unity.visualscripting@1.7.6\Editor\VisualScripting.Core\Dependencies\YamlDotNet\Unity.VisualScripting.YamlDotNet.dll
Symbol file LoadedFromMemory doesn't match image E:\HorrorGamePrototype\GroupHorror Cats\Library\PackageCache\com.unity.visualscripting@1.7.6\Editor\VisualScripting.Core\Dependencies\DotNetZip\Unity.VisualScripting.IonicZip.dll
Native extension for WindowsStandalone target not found
Native extension for Android target not found
Refreshing native plugins compatible for Editor in 0.57 ms, found 3 plugins.
Preloading 0 native plugins for Editor in 0.00 ms.
Mono: successfully reloaded assembly
- Completed reload, in  1.129 seconds
Domain Reload Profiling:
	ReloadAssembly (1129ms)
		BeginReloadAssembly (141ms)
			ExecutionOrderSort (0ms)
			DisableScriptedObjects (5ms)
			BackupInstance (0ms)
			ReleaseScriptingObjects (0ms)
			CreateAndSetChildDomain (37ms)
		EndReloadAssembly (879ms)
			LoadAssemblies (87ms)
			RebuildTransferFunctionScriptingTraits (0ms)
			SetupTypeCache (285ms)
			ReleaseScriptCaches (1ms)
			RebuildScriptCaches (51ms)
			SetupLoadedEditorAssemblies (396ms)
				LogAssemblyErrors (0ms)
				InitializePlatformSupportModulesInManaged (25ms)
				SetLoadedEditorAssemblies (1ms)
				RefreshPlugins (1ms)
				BeforeProcessingInitializeOnLoad (76ms)
				ProcessInitializeOnLoadAttributes (251ms)
				ProcessInitializeOnLoadMethodAttributes (31ms)
				AfterProcessingInitializeOnLoad (11ms)
				EditorAssembliesLoaded (0ms)
			ExecutionOrderSort2 (0ms)
			AwakeInstancesAfterBackupRestoration (12ms)
Platform modules already initialized, skipping
Refreshing native plugins compatible for Editor in 2.46 ms, found 3 plugins.
Preloading 0 native plugins for Editor in 0.00 ms.
Unloading 3370 Unused Serialized files (Serialized files now loaded: 0)
Unloading 18 unused Assets / (25.3 KB). Loaded Objects now: 3865.
Memory consumption went from 121.5 MB to 121.4 MB.
Total: 3.491600 ms (FindLiveObjects: 0.264200 ms CreateObjectMapping: 0.182600 ms MarkObjects: 3.015500 ms  DeleteObjects: 0.028400 ms)

AssetImportParameters requested are different than current active one (requested -> active):
  custom:video-decoder-ogg-theora: a1e56fd34408186e4bbccfd4996cb3dc -> 
  custom:container-muxer-webm: aa71ff27fc2769a1b78a27578f13a17b -> 
  custom:container-demuxer-webm: 4f35f7cbe854078d1ac9338744f61a02 -> 
  custom:video-encoder-webm-vp8: eb34c28f22e8b96e1ab97ce403110664 -> 
  custom:audio-encoder-webm-vorbis: bf7c407c2cedff20999df2af8eb42d56 -> 
  custom:framework-win-MediaFoundation: 216162199b28c13a410421893ffa2e32 -> 
  custom:container-demuxer-ogg: 62fdf1f143b41e24485cea50d1cbac27 -> 
  custom:video-decoder-webm-vp8: 9c59270c3fd7afecdb556c50c9e8de78 -> 
  custom:audio-decoder-ogg-vorbis: bf7c407c2cedff20999df2af8eb42d56 -> 
